Using pre-set license
Built from '2020.3/release' branch; Version is '2020.3.27f1 (e759542391ea) revision 15161684'; Using compiler version '192528614'; Build Type 'Release'
OS: 'Windows 10  (10.0.19045) 64bit Professional' Language: 'ko' Physical Memory: 16308 MB
BatchMode: 1, IsHumanControllingUs: 0, StartBugReporterOnCrash: 0, Is64bit: 1, IsPro: 0

COMMAND LINE ARGUMENTS:
D:\2020.3.27f1\Editor\Unity.exe
-adb2
-batchMode
-noUpm
-name
AssetImportWorker0
-projectPath
C:/Users/Jung_Won_Jong/Documents/GitHub/unity-ProjectColos/ProjectColor
-logFile
Logs/AssetImportWorker0.log
-srvPort
51626
Successfully changed project path to: C:/Users/Jung_Won_Jong/Documents/GitHub/unity-ProjectColos/ProjectColor
C:/Users/Jung_Won_Jong/Documents/GitHub/unity-ProjectColos/ProjectColor
Using Asset Import Pipeline V2.
Refreshing native plugins compatible for Editor in 39.85 ms, found 3 plugins.
Preloading 0 native plugins for Editor in 0.00 ms.
Initialize engine version: 2020.3.27f1 (e759542391ea)
[Subsystems] Discovering subsystems at path D:/2020.3.27f1/Editor/Data/Resources/UnitySubsystems
[Subsystems] Discovering subsystems at path C:/Users/Jung_Won_Jong/Documents/GitHub/unity-ProjectColos/ProjectColor/Assets
GfxDevice: creating device client; threaded=0
Direct3D:
    Version:  Direct3D 11.0 [level 11.1]
    Renderer: NVIDIA GeForce RTX 2060 SUPER (ID=0x1f06)
    Vendor:   
    VRAM:     8019 MB
    Driver:   31.0.15.3598
Initialize mono
Mono path[0] = 'D:/2020.3.27f1/Editor/Data/Managed'
Mono path[1] = 'D:/2020.3.27f1/Editor/Data/MonoBleedingEdge/lib/mono/unityjit'
Mono config path = 'D:/2020.3.27f1/Editor/Data/MonoBleedingEdge/etc'
Using monoOptions --debugger-agent=transport=dt_socket,embedding=1,server=y,suspend=n,address=127.0.0.1:56096
Begin MonoManager ReloadAssembly
Registering precompiled unity dll's ...
Register platform support module: D:/2020.3.27f1/Editor/Data/PlaybackEngines/WindowsStandaloneSupport/UnityEditor.WindowsStandalone.Extensions.dll
Registered in 0.000786 seconds.
Native extension for WindowsStandalone target not found
Refreshing native plugins compatible for Editor in 39.53 ms, found 3 plugins.
Preloading 0 native plugins for Editor in 0.00 ms.
Mono: successfully reloaded assembly
- Completed reload, in  0.464 seconds
Domain Reload Profiling:
	ReloadAssembly (464ms)
		BeginReloadAssembly (46ms)
			ExecutionOrderSort (0ms)
			DisableScriptedObjects (0ms)
			BackupInstance (0ms)
			ReleaseScriptingObjects (0ms)
			CreateAndSetChildDomain (1ms)
		EndReloadAssembly (366ms)
			LoadAssemblies (45ms)
			RebuildTransferFunctionScriptingTraits (0ms)
			SetupTypeCache (120ms)
			ReleaseScriptCaches (0ms)
			RebuildScriptCaches (24ms)
			SetupLoadedEditorAssemblies (144ms)
				LogAssemblyErrors (0ms)
				InitializePlatformSupportModulesInManaged (3ms)
				SetLoadedEditorAssemblies (0ms)
				RefreshPlugins (40ms)
				BeforeProcessingInitializeOnLoad (12ms)
				ProcessInitializeOnLoadAttributes (65ms)
				ProcessInitializeOnLoadMethodAttributes (23ms)
				AfterProcessingInitializeOnLoad (0ms)
				EditorAssembliesLoaded (0ms)
			ExecutionOrderSort2 (0ms)
			AwakeInstancesAfterBackupRestoration (0ms)
Platform modules already initialized, skipping
Registering precompiled user dll's ...
Registered in 0.002975 seconds.
Begin MonoManager ReloadAssembly
Native extension for WindowsStandalone target not found
Refreshing native plugins compatible for Editor in 0.44 ms, found 3 plugins.
Preloading 0 native plugins for Editor in 0.00 ms.
Mono: successfully reloaded assembly
- Completed reload, in  0.810 seconds
Domain Reload Profiling:
	ReloadAssembly (811ms)
		BeginReloadAssembly (117ms)
			ExecutionOrderSort (0ms)
			DisableScriptedObjects (4ms)
			BackupInstance (0ms)
			ReleaseScriptingObjects (0ms)
			CreateAndSetChildDomain (16ms)
		EndReloadAssembly (650ms)
			LoadAssemblies (74ms)
			RebuildTransferFunctionScriptingTraits (0ms)
			SetupTypeCache (228ms)
			ReleaseScriptCaches (0ms)
			RebuildScriptCaches (35ms)
			SetupLoadedEditorAssemblies (245ms)
				LogAssemblyErrors (0ms)
				InitializePlatformSupportModulesInManaged (3ms)
				SetLoadedEditorAssemblies (0ms)
				RefreshPlugins (0ms)
				BeforeProcessingInitializeOnLoad (72ms)
				ProcessInitializeOnLoadAttributes (159ms)
				ProcessInitializeOnLoadMethodAttributes (7ms)
				AfterProcessingInitializeOnLoad (2ms)
				EditorAssembliesLoaded (0ms)
			ExecutionOrderSort2 (0ms)
			AwakeInstancesAfterBackupRestoration (5ms)
Platform modules already initialized, skipping
========================================================================
Worker process is ready to serve import requests
Launched and connected shader compiler UnityShaderCompiler.exe after 0.04 seconds
Refreshing native plugins compatible for Editor in 0.43 ms, found 3 plugins.
Preloading 0 native plugins for Editor in 0.00 ms.
Unloading 2039 Unused Serialized files (Serialized files now loaded: 0)
System memory in use before: 163.8 MB.
System memory in use after: 163.8 MB.

Unloading 29 unused Assets to reduce memory usage. Loaded Objects now: 2476.
Total: 2.472000 ms (FindLiveObjects: 0.152000 ms CreateObjectMapping: 0.075300 ms MarkObjects: 2.129700 ms  DeleteObjects: 0.113800 ms)

AssetImportParameters requested are different than current active one (requested -> active):
  custom:framework-win-MediaFoundation: 216162199b28c13a410421893ffa2e32 -> 
  custom:video-decoder-ogg-theora: a1e56fd34408186e4bbccfd4996cb3dc -> 
  custom:container-muxer-webm: aa71ff27fc2769a1b78a27578f13a17b -> 
  custom:container-demuxer-webm: 4f35f7cbe854078d1ac9338744f61a02 -> 
  custom:container-demuxer-ogg: 62fdf1f143b41e24485cea50d1cbac27 -> 
  custom:video-encoder-webm-vp8: eb34c28f22e8b96e1ab97ce403110664 -> 
  custom:video-decoder-webm-vp8: 9c59270c3fd7afecdb556c50c9e8de78 -> 
  custom:audio-decoder-ogg-vorbis: bf7c407c2cedff20999df2af8eb42d56 -> 
  custom:audio-encoder-webm-vorbis: bf7c407c2cedff20999df2af8eb42d56 -> 
========================================================================
Received Import Request.
  path: Assets/Scenes
  artifactKey: Guid(131a6b21c8605f84396be9f6751fb6e3) Importer(815301076,1909f56bfc062723c751e8b465ee728b)
Start importing Assets/Scenes using Guid(131a6b21c8605f84396be9f6751fb6e3) Importer(815301076,1909f56bfc062723c751e8b465ee728b)  -> (artifact id: 'ffae677c86e903bacef8065336249a81') in 0.013550 seconds 
  Import took 0.016834 seconds .

========================================================================
Received Import Request.
  Time since last request: 0.000187 seconds.
  path: Assets/Scenes/SampleScene.unity
  artifactKey: Guid(2cda990e2423bbf4892e6590ba056729) Importer(815301076,1909f56bfc062723c751e8b465ee728b)
Start importing Assets/Scenes/SampleScene.unity using Guid(2cda990e2423bbf4892e6590ba056729) Importer(815301076,1909f56bfc062723c751e8b465ee728b)  -> (artifact id: '742f512f230916026743efa14cea5430') in 0.014501 seconds 
  Import took 0.017921 seconds .

========================================================================
Received Import Request.
  Time since last request: 44.095181 seconds.
  path: Assets/Script/Player
  artifactKey: Guid(769250bf9d22b0046a6f4e7300b1d1c4) Importer(815301076,1909f56bfc062723c751e8b465ee728b)
Start importing Assets/Script/Player using Guid(769250bf9d22b0046a6f4e7300b1d1c4) Importer(815301076,1909f56bfc062723c751e8b465ee728b)  -> (artifact id: '22f7c109c2a2aafff79272507c1a02f0') in 0.010341 seconds 
  Import took 0.013248 seconds .

========================================================================
Received Import Request.
  Time since last request: 0.693965 seconds.
  path: Assets/Script/Player/PlayerController.cs
  artifactKey: Guid(d6b2552c26a66484990549f0b15e670e) Importer(815301076,1909f56bfc062723c751e8b465ee728b)
Start importing Assets/Script/Player/PlayerController.cs using Guid(d6b2552c26a66484990549f0b15e670e) Importer(815301076,1909f56bfc062723c751e8b465ee728b)  -> (artifact id: 'd4c8311b5b43c6894e570c2b592b0c89') in 0.018212 seconds 
  Import took 0.021173 seconds .

========================================================================
Received Import Request.
  Time since last request: 374.464339 seconds.
  path: Assets/Scenes/TEST.unity
  artifactKey: Guid(424a22b3b93d1eb4a997e320c7fc1f99) Importer(815301076,1909f56bfc062723c751e8b465ee728b)
Start importing Assets/Scenes/TEST.unity using Guid(424a22b3b93d1eb4a997e320c7fc1f99) Importer(815301076,1909f56bfc062723c751e8b465ee728b)  -> (artifact id: 'b32c2411a2c4283da11d88ed83a1f233') in 0.010202 seconds 
  Import took 0.013622 seconds .

========================================================================
Received Import Request.
  Time since last request: 60.506329 seconds.
  path: Assets/Scenes/New Palette.prefab
  artifactKey: Guid(8cd78d8d92f7fce47b3de2e347fd105a) Importer(815301076,1909f56bfc062723c751e8b465ee728b)
Start importing Assets/Scenes/New Palette.prefab using Guid(8cd78d8d92f7fce47b3de2e347fd105a) Importer(815301076,1909f56bfc062723c751e8b465ee728b)  -> (artifact id: '394fbb1c06932a8bd13dd51858e3dc4b') in 0.066228 seconds 
  Import took 0.069340 seconds .

========================================================================
Received Import Request.
  Time since last request: 7.522129 seconds.
  path: Assets/Images/Jump_mushroom.png
  artifactKey: Guid(6ea957e065556b74a9e4e50ba3703741) Importer(815301076,1909f56bfc062723c751e8b465ee728b)
Start importing Assets/Images/Jump_mushroom.png using Guid(6ea957e065556b74a9e4e50ba3703741) Importer(815301076,1909f56bfc062723c751e8b465ee728b)  -> (artifact id: 'c2a1143ae1d7c03d1a37bff84b83d1c1') in 0.031253 seconds 
  Import took 0.034379 seconds .

========================================================================
Received Import Request.
  Time since last request: 0.000131 seconds.
  path: Assets/Images/SquareDown.png
  artifactKey: Guid(67f6617f22b062c49938257a85c0d574) Importer(815301076,1909f56bfc062723c751e8b465ee728b)
Start importing Assets/Images/SquareDown.png using Guid(67f6617f22b062c49938257a85c0d574) Importer(815301076,1909f56bfc062723c751e8b465ee728b)  -> (artifact id: '67b7cc8fab986c867e03ce10b3b24750') in 0.015207 seconds 
  Import took 0.018110 seconds .

========================================================================
Received Import Request.
  Time since last request: 0.000132 seconds.
  path: Assets/Images/vine.jpeg
  artifactKey: Guid(135d918b2468da448aee37ce529109f2) Importer(815301076,1909f56bfc062723c751e8b465ee728b)
Start importing Assets/Images/vine.jpeg using Guid(135d918b2468da448aee37ce529109f2) Importer(815301076,1909f56bfc062723c751e8b465ee728b)  -> (artifact id: 'c302a1158d15793b11dc26ae5557f341') in 0.017642 seconds 
  Import took 0.020385 seconds .

========================================================================
Received Import Request.
  Time since last request: 0.000113 seconds.
  path: Assets/Images/Trap.jpeg
  artifactKey: Guid(8260d3115aded184fba10f1275cf3176) Importer(815301076,1909f56bfc062723c751e8b465ee728b)
Start importing Assets/Images/Trap.jpeg using Guid(8260d3115aded184fba10f1275cf3176) Importer(815301076,1909f56bfc062723c751e8b465ee728b)  -> (artifact id: '3b08931abbcef16fa5dad9fae53584cf') in 0.015354 seconds 
  Import took 0.018220 seconds .

========================================================================
Received Import Request.
  Time since last request: 1.373689 seconds.
  path: Assets/Physic/EnemyPhysics.physicsMaterial2D
  artifactKey: Guid(17e06c41226a47241944de20362d9979) Importer(815301076,1909f56bfc062723c751e8b465ee728b)
Start importing Assets/Physic/EnemyPhysics.physicsMaterial2D using Guid(17e06c41226a47241944de20362d9979) Importer(815301076,1909f56bfc062723c751e8b465ee728b)  -> (artifact id: 'b6e372c6483a2ecf2222827457560b4b') in 0.009695 seconds 
  Import took 0.012407 seconds .

========================================================================
Received Import Request.
  Time since last request: 0.000142 seconds.
  path: Assets/Physic/PlayerPhysics.physicsMaterial2D
  artifactKey: Guid(8114d84782127d5419e62376a9dd2ad3) Importer(815301076,1909f56bfc062723c751e8b465ee728b)
Start importing Assets/Physic/PlayerPhysics.physicsMaterial2D using Guid(8114d84782127d5419e62376a9dd2ad3) Importer(815301076,1909f56bfc062723c751e8b465ee728b)  -> (artifact id: '6ea7f18530587b86f5497d5b1f609458') in 0.008983 seconds 
  Import took 0.012012 seconds .

========================================================================
Received Import Request.
  Time since last request: 5.571153 seconds.
  path: Assets/Sound/ColorChange.mp3
  artifactKey: Guid(28bf86701cc791342aaf7b078eb86796) Importer(815301076,1909f56bfc062723c751e8b465ee728b)
Start importing Assets/Sound/ColorChange.mp3 using Guid(28bf86701cc791342aaf7b078eb86796) Importer(815301076,1909f56bfc062723c751e8b465ee728b)  -> (artifact id: '4bbe78b95c5942c36639bdf65729bd3e') in 0.017369 seconds 
  Import took 0.020198 seconds .

========================================================================
Received Import Request.
  Time since last request: 0.000174 seconds.
  path: Assets/Sound/GreenSkill.mp3
  artifactKey: Guid(ab0c18756ca0bf84bbf42221bffb4dd0) Importer(815301076,1909f56bfc062723c751e8b465ee728b)
Start importing Assets/Sound/GreenSkill.mp3 using Guid(ab0c18756ca0bf84bbf42221bffb4dd0) Importer(815301076,1909f56bfc062723c751e8b465ee728b)  -> (artifact id: 'c2427d70ecb86a01050082af9c171f48') in 0.015556 seconds 
  Import took 0.018259 seconds .

========================================================================
Received Import Request.
  Time since last request: 0.000129 seconds.
  path: Assets/Sound/NomalAttack.mp3
  artifactKey: Guid(a32b4fb5f8f2475439bed523c17e43cd) Importer(815301076,1909f56bfc062723c751e8b465ee728b)
Start importing Assets/Sound/NomalAttack.mp3 using Guid(a32b4fb5f8f2475439bed523c17e43cd) Importer(815301076,1909f56bfc062723c751e8b465ee728b)  -> (artifact id: '39df2584f5ab4ec03cf76fdf679334d7') in 0.012845 seconds 
  Import took 0.015698 seconds .

========================================================================
Received Import Request.
  Time since last request: 5.436569 seconds.
  path: Assets/Images/Ground
  artifactKey: Guid(9b19d19142d88624598bdcac5484b9f9) Importer(815301076,1909f56bfc062723c751e8b465ee728b)
Start importing Assets/Images/Ground using Guid(9b19d19142d88624598bdcac5484b9f9) Importer(815301076,1909f56bfc062723c751e8b465ee728b)  -> (artifact id: '9c90c05003870f6fbd4213d32e584d68') in 0.010390 seconds 
  Import took 0.013184 seconds .

========================================================================
Received Import Request.
  Time since last request: 0.124897 seconds.
  path: Assets/Images/Ground/block1x1.png
  artifactKey: Guid(58e064222a89dd24abc2c145f2e1ec09) Importer(815301076,1909f56bfc062723c751e8b465ee728b)
Start importing Assets/Images/Ground/block1x1.png using Guid(58e064222a89dd24abc2c145f2e1ec09) Importer(815301076,1909f56bfc062723c751e8b465ee728b)  -> (artifact id: 'da10f8eebc0678b2a5e7d4167fef001b') in 0.016004 seconds 
  Import took 0.018982 seconds .

========================================================================
Received Import Request.
  Time since last request: 0.000146 seconds.
  path: Assets/Images/Ground/block1x2.png
  artifactKey: Guid(86ea1ad8707f51348b353a60609f2cb6) Importer(815301076,1909f56bfc062723c751e8b465ee728b)
Start importing Assets/Images/Ground/block1x2.png using Guid(86ea1ad8707f51348b353a60609f2cb6) Importer(815301076,1909f56bfc062723c751e8b465ee728b)  -> (artifact id: 'b605c18deea55e0f339d4e2f798625a8') in 0.015959 seconds 
  Import took 0.018894 seconds .

========================================================================
Received Import Request.
  Time since last request: 0.000139 seconds.
  path: Assets/Images/Ground/block2x1.png
  artifactKey: Guid(0bb0a34e1caf95c40bb1b663a6adcc7b) Importer(815301076,1909f56bfc062723c751e8b465ee728b)
Start importing Assets/Images/Ground/block2x1.png using Guid(0bb0a34e1caf95c40bb1b663a6adcc7b) Importer(815301076,1909f56bfc062723c751e8b465ee728b)  -> (artifact id: 'aadc4292e3c745be9eb61e50ed52c28c') in 0.015511 seconds 
  Import took 0.018382 seconds .

========================================================================
Received Import Request.
  Time since last request: 0.000158 seconds.
  path: Assets/Images/Ground/block_move.png
  artifactKey: Guid(eb64946483705f64e9edaab38987e7c7) Importer(815301076,1909f56bfc062723c751e8b465ee728b)
Start importing Assets/Images/Ground/block_move.png using Guid(eb64946483705f64e9edaab38987e7c7) Importer(815301076,1909f56bfc062723c751e8b465ee728b)  -> (artifact id: 'f96a20ae11936e23b31fc8f849263ec1') in 0.015403 seconds 
  Import took 0.018810 seconds .

========================================================================
Received Import Request.
  Time since last request: 0.000138 seconds.
  path: Assets/Images/Ground/ground.png
  artifactKey: Guid(e2926b1f7dec96a4a9c48f613417efa0) Importer(815301076,1909f56bfc062723c751e8b465ee728b)
Start importing Assets/Images/Ground/ground.png using Guid(e2926b1f7dec96a4a9c48f613417efa0) Importer(815301076,1909f56bfc062723c751e8b465ee728b)  -> (artifact id: '0432fc2c496ebb708e7b872dd63442df') in 0.015565 seconds 
  Import took 0.018971 seconds .

========================================================================
Received Import Request.
  Time since last request: 2.251602 seconds.
  path: Assets/Images/Platform
  artifactKey: Guid(047d203ddb5a6bc4c9917316ba3f00c2) Importer(815301076,1909f56bfc062723c751e8b465ee728b)
Start importing Assets/Images/Platform using Guid(047d203ddb5a6bc4c9917316ba3f00c2) Importer(815301076,1909f56bfc062723c751e8b465ee728b)  -> (artifact id: '23c43ba67e00e5da8848da6f6655560b') in 0.008727 seconds 
  Import took 0.011488 seconds .

========================================================================
Received Import Request.
  Time since last request: 0.037377 seconds.
  path: Assets/Images/Platform/Floor2.png
  artifactKey: Guid(c1601ece797be2246a103fa8e4e7dac8) Importer(815301076,1909f56bfc062723c751e8b465ee728b)
Start importing Assets/Images/Platform/Floor2.png using Guid(c1601ece797be2246a103fa8e4e7dac8) Importer(815301076,1909f56bfc062723c751e8b465ee728b)  -> (artifact id: '042b8df4079a457b796910b3509777bf') in 0.013330 seconds 
  Import took 0.016224 seconds .

========================================================================
Received Import Request.
  Time since last request: 0.000128 seconds.
  path: Assets/Images/Platform/shooting-head.png
  artifactKey: Guid(050a3a2a4f3ed4e8e862f31ae1112f18) Importer(815301076,1909f56bfc062723c751e8b465ee728b)
Start importing Assets/Images/Platform/shooting-head.png using Guid(050a3a2a4f3ed4e8e862f31ae1112f18) Importer(815301076,1909f56bfc062723c751e8b465ee728b)  -> (artifact id: '96fd62a8b6a07fbca2431110129cb76f') in 0.014615 seconds 
  Import took 0.017430 seconds .

========================================================================
Received Import Request.
  Time since last request: 1.044931 seconds.
  path: Assets/Images/Player
  artifactKey: Guid(9ebd5c51b09c2cd43aaee832bc50f299) Importer(815301076,1909f56bfc062723c751e8b465ee728b)
Start importing Assets/Images/Player using Guid(9ebd5c51b09c2cd43aaee832bc50f299) Importer(815301076,1909f56bfc062723c751e8b465ee728b)  -> (artifact id: '49eab81771ecf88739510bfb1e32b02b') in 0.001989 seconds 
  Import took 0.004852 seconds .

========================================================================
Received Import Request.
  Time since last request: 0.077396 seconds.
  path: Assets/Images/Player/attack-sheet.png
  artifactKey: Guid(5822e6acf89a39f4b880abd988b241bb) Importer(815301076,1909f56bfc062723c751e8b465ee728b)
Start importing Assets/Images/Player/attack-sheet.png using Guid(5822e6acf89a39f4b880abd988b241bb) Importer(815301076,1909f56bfc062723c751e8b465ee728b)  -> (artifact id: 'e29a13aabda3c4e392a32a8546caea73') in 0.032208 seconds 
  Import took 0.035328 seconds .

========================================================================
Received Import Request.
  Time since last request: 0.000132 seconds.
  path: Assets/Images/Player/running-sheet.png
  artifactKey: Guid(a4e24454ec281dc448f15c87a46a72c7) Importer(815301076,1909f56bfc062723c751e8b465ee728b)
Start importing Assets/Images/Player/running-sheet.png using Guid(a4e24454ec281dc448f15c87a46a72c7) Importer(815301076,1909f56bfc062723c751e8b465ee728b)  -> (artifact id: 'dc071e5f3281a2e9743c4919fef86d21') in 0.023854 seconds 
  Import took 0.026538 seconds .

========================================================================
Received Import Request.
  Time since last request: 0.000171 seconds.
  path: Assets/Images/Player/idle_0000-sheet.png
  artifactKey: Guid(ea81ed771e8255a4d87453704045bcc4) Importer(815301076,1909f56bfc062723c751e8b465ee728b)
Start importing Assets/Images/Player/idle_0000-sheet.png using Guid(ea81ed771e8255a4d87453704045bcc4) Importer(815301076,1909f56bfc062723c751e8b465ee728b)  -> (artifact id: '2ba7553d3143426da97fe8c73af64caf') in 0.026229 seconds 
  Import took 0.029201 seconds .

========================================================================
Received Import Request.
  Time since last request: 0.000154 seconds.
  path: Assets/Images/Player/jump-sheet.png
  artifactKey: Guid(0449de78fa52bdf479dee32853be189d) Importer(815301076,1909f56bfc062723c751e8b465ee728b)
Start importing Assets/Images/Player/jump-sheet.png using Guid(0449de78fa52bdf479dee32853be189d) Importer(815301076,1909f56bfc062723c751e8b465ee728b)  -> (artifact id: '008cbdcdadcc402b2fc3ad060f077143') in 0.032775 seconds 
  Import took 0.035709 seconds .

========================================================================
Received Import Request.
  Time since last request: 0.509411 seconds.
  path: Assets/Images/Effect
  artifactKey: Guid(87b8d585b16eac040b680ce1e28db5dc) Importer(815301076,1909f56bfc062723c751e8b465ee728b)
Start importing Assets/Images/Effect using Guid(87b8d585b16eac040b680ce1e28db5dc) Importer(815301076,1909f56bfc062723c751e8b465ee728b)  -> (artifact id: 'c451366b98b71e7ed72c54ae9d994858') in 0.009183 seconds 
  Import took 0.012131 seconds .

========================================================================
Received Import Request.
  Time since last request: 0.055038 seconds.
  path: Assets/Images/Effect/EFFECT_custom.mat
  artifactKey: Guid(ab59ba55e84e93548a1c9a997e06822d) Importer(815301076,1909f56bfc062723c751e8b465ee728b)
Start importing Assets/Images/Effect/EFFECT_custom.mat using Guid(ab59ba55e84e93548a1c9a997e06822d) Importer(815301076,1909f56bfc062723c751e8b465ee728b)  -> (artifact id: '7bcb00e11671c9fb15febc3bb8640ed1') in 0.028010 seconds 
  Import took 0.031053 seconds .

========================================================================
Received Import Request.
  Time since last request: 0.000139 seconds.
  path: Assets/Images/Effect/EFFECT_custom.png
  artifactKey: Guid(96669a17fa9c6994e92b6a7317fe36a4) Importer(815301076,1909f56bfc062723c751e8b465ee728b)
Start importing Assets/Images/Effect/EFFECT_custom.png using Guid(96669a17fa9c6994e92b6a7317fe36a4) Importer(815301076,1909f56bfc062723c751e8b465ee728b)  -> (artifact id: 'baa7c01659f5de41834596640802b96a') in 0.013382 seconds 
  Import took 0.016134 seconds .

========================================================================
Received Import Request.
  Time since last request: 0.000147 seconds.
  path: Assets/Images/Effect/EFFECT_EX_E4.png
  artifactKey: Guid(90ce200ad67cf3943bcb3b643169779b) Importer(815301076,1909f56bfc062723c751e8b465ee728b)
Start importing Assets/Images/Effect/EFFECT_EX_E4.png using Guid(90ce200ad67cf3943bcb3b643169779b) Importer(815301076,1909f56bfc062723c751e8b465ee728b)  -> (artifact id: 'c77691fce936ed5b646a426c6cd0a68f') in 0.015898 seconds 
  Import took 0.019193 seconds .

========================================================================
Received Import Request.
  Time since last request: 0.000137 seconds.
  path: Assets/Images/Effect/EFFECT_EX_1.mat
  artifactKey: Guid(9f4a50a3db0816048b2340822f595d85) Importer(815301076,1909f56bfc062723c751e8b465ee728b)
Start importing Assets/Images/Effect/EFFECT_EX_1.mat using Guid(9f4a50a3db0816048b2340822f595d85) Importer(815301076,1909f56bfc062723c751e8b465ee728b)  -> (artifact id: 'c96549ac015bb993435e00ec5805b0c4') in 0.014544 seconds 
  Import took 0.018125 seconds .

========================================================================
Received Import Request.
  Time since last request: 0.000161 seconds.
  path: Assets/Images/Effect/EFFECT_EX_D1.mat
  artifactKey: Guid(afcdfe20981a97d49842ea86496f2b1f) Importer(815301076,1909f56bfc062723c751e8b465ee728b)
Start importing Assets/Images/Effect/EFFECT_EX_D1.mat using Guid(afcdfe20981a97d49842ea86496f2b1f) Importer(815301076,1909f56bfc062723c751e8b465ee728b)  -> (artifact id: 'ec4b89892b6695c8554bddb1d3a36782') in 0.013321 seconds 
  Import took 0.016179 seconds .

========================================================================
Received Import Request.
  Time since last request: 0.000129 seconds.
  path: Assets/Images/Effect/EFFECT_EX_E7.png
  artifactKey: Guid(d3c0374b9c5e198408fce5177c020087) Importer(815301076,1909f56bfc062723c751e8b465ee728b)
Start importing Assets/Images/Effect/EFFECT_EX_E7.png using Guid(d3c0374b9c5e198408fce5177c020087) Importer(815301076,1909f56bfc062723c751e8b465ee728b)  -> (artifact id: '568602f3afdd1467fb7d9ef1fbbd549d') in 0.015083 seconds 
  Import took 0.018482 seconds .

========================================================================
Received Import Request.
  Time since last request: 0.000148 seconds.
  path: Assets/Images/Effect/EFFECT_EX_E2.png
  artifactKey: Guid(79307edadb939cc42949dff82e96c6a5) Importer(815301076,1909f56bfc062723c751e8b465ee728b)
Start importing Assets/Images/Effect/EFFECT_EX_E2.png using Guid(79307edadb939cc42949dff82e96c6a5) Importer(815301076,1909f56bfc062723c751e8b465ee728b)  -> (artifact id: '463459e79059dd92fc3fab673dd48df5') in 0.016824 seconds 
  Import took 0.019957 seconds .

========================================================================
Received Import Request.
  Time since last request: 0.000130 seconds.
  path: Assets/Images/Effect/EFFECT_EX_E2.mat
  artifactKey: Guid(6ef10ca0dd0809d4c9404fddc97684de) Importer(815301076,1909f56bfc062723c751e8b465ee728b)
Start importing Assets/Images/Effect/EFFECT_EX_E2.mat using Guid(6ef10ca0dd0809d4c9404fddc97684de) Importer(815301076,1909f56bfc062723c751e8b465ee728b)  -> (artifact id: '815f9593cdc8677677723ec1df9b7916') in 0.014014 seconds 
  Import took 0.016987 seconds .

========================================================================
Received Import Request.
  Time since last request: 0.000179 seconds.
  path: Assets/Images/Effect/EFFECT_Hit2_water2.mat
  artifactKey: Guid(d7a54d5902d38bb4a906eaa39262c4ec) Importer(815301076,1909f56bfc062723c751e8b465ee728b)
Start importing Assets/Images/Effect/EFFECT_Hit2_water2.mat using Guid(d7a54d5902d38bb4a906eaa39262c4ec) Importer(815301076,1909f56bfc062723c751e8b465ee728b)  -> (artifact id: 'cfaa4d401258eae4395ff9b382b1ac51') in 0.035712 seconds 
  Import took 0.038618 seconds .

========================================================================
Received Import Request.
  Time since last request: 0.000131 seconds.
  path: Assets/Images/Effect/EFFECT_EX_E6.png
  artifactKey: Guid(da095386a23fcf2418f25beb016d2ea5) Importer(815301076,1909f56bfc062723c751e8b465ee728b)
Start importing Assets/Images/Effect/EFFECT_EX_E6.png using Guid(da095386a23fcf2418f25beb016d2ea5) Importer(815301076,1909f56bfc062723c751e8b465ee728b)  -> (artifact id: '7a5ecc4ebc06e1b5f5bf4431e618924a') in 0.016770 seconds 
  Import took 0.019530 seconds .

========================================================================
Received Import Request.
  Time since last request: 0.000137 seconds.
  path: Assets/Images/Effect/EFFECT_EX_G1.mat
  artifactKey: Guid(8623d2f4c94a627459a1373d6b565134) Importer(815301076,1909f56bfc062723c751e8b465ee728b)
Start importing Assets/Images/Effect/EFFECT_EX_G1.mat using Guid(8623d2f4c94a627459a1373d6b565134) Importer(815301076,1909f56bfc062723c751e8b465ee728b)  -> (artifact id: 'b4714cf3f0027e63509294cb6d25c28a') in 0.013292 seconds 
  Import took 0.016342 seconds .

========================================================================
Received Import Request.
  Time since last request: 0.000157 seconds.
  path: Assets/Images/Effect/EFFECT_EX_SW1.mat
  artifactKey: Guid(67b2a1c427f60254eafc0a912f230ec3) Importer(815301076,1909f56bfc062723c751e8b465ee728b)
Start importing Assets/Images/Effect/EFFECT_EX_SW1.mat using Guid(67b2a1c427f60254eafc0a912f230ec3) Importer(815301076,1909f56bfc062723c751e8b465ee728b)  -> (artifact id: 'ed89de909296e0564bb8958f2cf76757') in 0.013854 seconds 
  Import took 0.016757 seconds .

========================================================================
Received Import Request.
  Time since last request: 0.272660 seconds.
  path: Assets/Images/EftObj
  artifactKey: Guid(7ea67b457148ccb409ec8ec8ad38fb9f) Importer(815301076,1909f56bfc062723c751e8b465ee728b)
Start importing Assets/Images/EftObj using Guid(7ea67b457148ccb409ec8ec8ad38fb9f) Importer(815301076,1909f56bfc062723c751e8b465ee728b)  -> (artifact id: 'd4150352ea62dcace54c1562c54fd6d0') in 0.009037 seconds 
  Import took 0.011948 seconds .

========================================================================
Received Import Request.
  Time since last request: 0.066194 seconds.
  path: Assets/Images/EftObj/ladder.png
  artifactKey: Guid(a8809bab237a108409e38607cb16f62f) Importer(815301076,1909f56bfc062723c751e8b465ee728b)
Start importing Assets/Images/EftObj/ladder.png using Guid(a8809bab237a108409e38607cb16f62f) Importer(815301076,1909f56bfc062723c751e8b465ee728b)  -> (artifact id: 'cd1deb9777b1de296803c9adbac27737') in 0.012405 seconds 
  Import took 0.015412 seconds .

========================================================================
Received Import Request.
  Time since last request: 1.610643 seconds.
  path: Assets/Images/BackImage
  artifactKey: Guid(84926c81583df764c9a1f5e1a93752a0) Importer(815301076,1909f56bfc062723c751e8b465ee728b)
Start importing Assets/Images/BackImage using Guid(84926c81583df764c9a1f5e1a93752a0) Importer(815301076,1909f56bfc062723c751e8b465ee728b)  -> (artifact id: '8959ac2a6470e52b5c1fc3bcd9ff1341') in 0.009220 seconds 
  Import took 0.011987 seconds .

========================================================================
Received Import Request.
  Time since last request: 0.072764 seconds.
  path: Assets/Images/BackImage/cloud_1.png
  artifactKey: Guid(9d536f6261cbf7444867344cab28b171) Importer(815301076,1909f56bfc062723c751e8b465ee728b)
Start importing Assets/Images/BackImage/cloud_1.png using Guid(9d536f6261cbf7444867344cab28b171) Importer(815301076,1909f56bfc062723c751e8b465ee728b)  -> (artifact id: 'd14634e60928063f66e1eaf5b5a09a86') in 0.017945 seconds 
  Import took 0.020825 seconds .

========================================================================
Received Import Request.
  Time since last request: 0.000151 seconds.
  path: Assets/Images/BackImage/Tree_1.png
  artifactKey: Guid(9b9e90c6da08acd4e9064234f903f9df) Importer(815301076,1909f56bfc062723c751e8b465ee728b)
Start importing Assets/Images/BackImage/Tree_1.png using Guid(9b9e90c6da08acd4e9064234f903f9df) Importer(815301076,1909f56bfc062723c751e8b465ee728b)  -> (artifact id: 'b24c953603e307c557b8d86cdb1e1a21') in 0.016901 seconds 
  Import took 0.019755 seconds .

========================================================================
Received Import Request.
  Time since last request: 0.000127 seconds.
  path: Assets/Images/BackImage/New Material.mat
  artifactKey: Guid(fd5e1aa07e8e8d04d8f5734be1743d8e) Importer(815301076,1909f56bfc062723c751e8b465ee728b)
Start importing Assets/Images/BackImage/New Material.mat using Guid(fd5e1aa07e8e8d04d8f5734be1743d8e) Importer(815301076,1909f56bfc062723c751e8b465ee728b)  -> (artifact id: '210f36651c3a637670f561abbb3a5f58') in 0.188141 seconds 
  Import took 0.190912 seconds .

========================================================================
Received Import Request.
  Time since last request: 0.000143 seconds.
  path: Assets/Images/BackImage/sky_test.png
  artifactKey: Guid(1df54f7d791743b4b9cbd767c4f72b62) Importer(815301076,1909f56bfc062723c751e8b465ee728b)
Start importing Assets/Images/BackImage/sky_test.png using Guid(1df54f7d791743b4b9cbd767c4f72b62) Importer(815301076,1909f56bfc062723c751e8b465ee728b)  -> (artifact id: '8dca3dc6af2f4e09fc8850792ccef08e') in 0.016667 seconds 
  Import took 0.019950 seconds .

========================================================================
Received Import Request.
  Time since last request: 0.000148 seconds.
  path: Assets/Images/BackImage/Tree_2.png
  artifactKey: Guid(1e359309cc1c0014f8048fe9e9573d06) Importer(815301076,1909f56bfc062723c751e8b465ee728b)
Start importing Assets/Images/BackImage/Tree_2.png using Guid(1e359309cc1c0014f8048fe9e9573d06) Importer(815301076,1909f56bfc062723c751e8b465ee728b)  -> (artifact id: '9194a828dc5ce58b6f8b704ebd4ca5bb') in 0.016789 seconds 
  Import took 0.019818 seconds .

========================================================================
Received Import Request.
  Time since last request: 0.000155 seconds.
  path: Assets/Images/BackImage/cloud_2.png
  artifactKey: Guid(5a51a8b8fd0c8ee4a93dc46161537a91) Importer(815301076,1909f56bfc062723c751e8b465ee728b)
Start importing Assets/Images/BackImage/cloud_2.png using Guid(5a51a8b8fd0c8ee4a93dc46161537a91) Importer(815301076,1909f56bfc062723c751e8b465ee728b)  -> (artifact id: '567591fe5673d3c0d3a405545d9f1e96') in 0.015865 seconds 
  Import took 0.018618 seconds .

========================================================================
Received Import Request.
  Time since last request: 0.000137 seconds.
  path: Assets/Images/BackImage/Forest_1 1.png
  artifactKey: Guid(99118bb1c9f707148ae92053a15369ad) Importer(815301076,1909f56bfc062723c751e8b465ee728b)
Start importing Assets/Images/BackImage/Forest_1 1.png using Guid(99118bb1c9f707148ae92053a15369ad) Importer(815301076,1909f56bfc062723c751e8b465ee728b)  -> (artifact id: '0ba3a0de036a9ab39755789a558f91e2') in 0.013474 seconds 
  Import took 0.016329 seconds .

========================================================================
Received Import Request.
  Time since last request: 0.000163 seconds.
  path: Assets/Images/BackImage/mountain_1 1.png
  artifactKey: Guid(60a400ef6bfef784bb5a5c86a876431d) Importer(815301076,1909f56bfc062723c751e8b465ee728b)
Start importing Assets/Images/BackImage/mountain_1 1.png using Guid(60a400ef6bfef784bb5a5c86a876431d) Importer(815301076,1909f56bfc062723c751e8b465ee728b)  -> (artifact id: '82555178187d77002349230774e150be') in 0.014333 seconds 
  Import took 0.017363 seconds .

========================================================================
Received Import Request.
  Time since last request: 0.158464 seconds.
  path: Assets/Images/BackGround
  artifactKey: Guid(6581d68e7fe96dd48a57a962dfd0287b) Importer(815301076,1909f56bfc062723c751e8b465ee728b)
Start importing Assets/Images/BackGround using Guid(6581d68e7fe96dd48a57a962dfd0287b) Importer(815301076,1909f56bfc062723c751e8b465ee728b)  -> (artifact id: '4f66b1f36b6877b0c644329dcc211b0e') in 0.009196 seconds 
  Import took 0.012110 seconds .

========================================================================
Received Import Request.
  Time since last request: 0.032694 seconds.
  path: Assets/Images/BackGround/back.png
  artifactKey: Guid(efc09ac103992494891d1001ed97e28e) Importer(815301076,1909f56bfc062723c751e8b465ee728b)
Start importing Assets/Images/BackGround/back.png using Guid(efc09ac103992494891d1001ed97e28e) Importer(815301076,1909f56bfc062723c751e8b465ee728b)  -> (artifact id: '967c56e95bc70f70c0009a81a1c30ab1') in 0.013576 seconds 
  Import took 0.016508 seconds .

========================================================================
Received Import Request.
  Time since last request: 0.000122 seconds.
  path: Assets/Images/BackGround/back2.png
  artifactKey: Guid(aafab05cef9c9394ba027158d7343c88) Importer(815301076,1909f56bfc062723c751e8b465ee728b)
Start importing Assets/Images/BackGround/back2.png using Guid(aafab05cef9c9394ba027158d7343c88) Importer(815301076,1909f56bfc062723c751e8b465ee728b)  -> (artifact id: 'b76d6e17bcf801ca9ff8b3be4701433a') in 0.015957 seconds 
  Import took 0.018725 seconds .

========================================================================
Received Import Request.
  Time since last request: 146.323446 seconds.
  path: Assets/Scenes/TEST.unity
  artifactKey: Guid(424a22b3b93d1eb4a997e320c7fc1f99) Importer(815301076,1909f56bfc062723c751e8b465ee728b)
Start importing Assets/Scenes/TEST.unity using Guid(424a22b3b93d1eb4a997e320c7fc1f99) Importer(815301076,1909f56bfc062723c751e8b465ee728b)  -> (artifact id: '42accf09a9a527066b37faa1d5ae8834') in 0.009648 seconds 
  Import took 0.012653 seconds .

========================================================================
Received Import Request.
  Time since last request: 86.716200 seconds.
  path: Assets/Script
  artifactKey: Guid(c7bcfcec7b6894d43a6d59afe3babc3a) Importer(815301076,1909f56bfc062723c751e8b465ee728b)
Start importing Assets/Script using Guid(c7bcfcec7b6894d43a6d59afe3babc3a) Importer(815301076,1909f56bfc062723c751e8b465ee728b)  -> (artifact id: '7ea90591beb202d28b73e716404c0519') in 0.009408 seconds 
  Import took 0.012939 seconds .

========================================================================
Received Import Request.
  Time since last request: 6.006339 seconds.
  path: Assets/Script/Test
  artifactKey: Guid(0106c247d52f28640a96abd7cfcae988) Importer(815301076,1909f56bfc062723c751e8b465ee728b)
Start importing Assets/Script/Test using Guid(0106c247d52f28640a96abd7cfcae988) Importer(815301076,1909f56bfc062723c751e8b465ee728b)  -> (artifact id: '8c15c0c6d6786f012154ed337a51854b') in 0.009283 seconds 
  Import took 0.012307 seconds .

========================================================================
Received Import Request.
  Time since last request: 5.357688 seconds.
  path: Assets/Script/Test- Script
  artifactKey: Guid(0106c247d52f28640a96abd7cfcae988) Importer(815301076,1909f56bfc062723c751e8b465ee728b)
Start importing Assets/Script/Test- Script using Guid(0106c247d52f28640a96abd7cfcae988) Importer(815301076,1909f56bfc062723c751e8b465ee728b)  -> (artifact id: '27657df5af7e17b288bf70d3cc78f90d') in 0.009595 seconds 
  Import took 0.012435 seconds .

========================================================================
Received Import Request.
  Time since last request: 2.960773 seconds.
  path: Assets/Script/Enemy
  artifactKey: Guid(076d127eebb127247be5014a700abab5) Importer(815301076,1909f56bfc062723c751e8b465ee728b)
Start importing Assets/Script/Enemy using Guid(076d127eebb127247be5014a700abab5) Importer(815301076,1909f56bfc062723c751e8b465ee728b)  -> (artifact id: '125da2a402bf0d1beff80e159bea4c66') in 0.009159 seconds 
  Import took 0.012019 seconds .

========================================================================
Received Import Request.
  Time since last request: 2.035079 seconds.
  path: Assets/Script/Enemy/EnemyController.cs
  artifactKey: Guid(2643f77a5df28b145b0358bff3e1d50c) Importer(815301076,1909f56bfc062723c751e8b465ee728b)
Start importing Assets/Script/Enemy/EnemyController.cs using Guid(2643f77a5df28b145b0358bff3e1d50c) Importer(815301076,1909f56bfc062723c751e8b465ee728b)  -> (artifact id: '2bd0dddf12b9b856f9b8052bde9afec7') in 0.008816 seconds 
  Import took 0.011557 seconds .

========================================================================
Received Import Request.
  Time since last request: 0.945497 seconds.
  path: Assets/Script/Enemy/EnemyManager.cs
  artifactKey: Guid(32c6802b718e62341853eeb4e21c967c) Importer(815301076,1909f56bfc062723c751e8b465ee728b)
Start importing Assets/Script/Enemy/EnemyManager.cs using Guid(32c6802b718e62341853eeb4e21c967c) Importer(815301076,1909f56bfc062723c751e8b465ee728b)  -> (artifact id: 'bceca7caf4c5673e80131b1629f680ca') in 0.011546 seconds 
  Import took 0.014833 seconds .

========================================================================
Received Import Request.
  Time since last request: 0.568329 seconds.
  path: Assets/Script/Enemy/EnemyMoveController.cs
  artifactKey: Guid(b24bfb376e3a46f4ca0c628f51e9424b) Importer(815301076,1909f56bfc062723c751e8b465ee728b)
Start importing Assets/Script/Enemy/EnemyMoveController.cs using Guid(b24bfb376e3a46f4ca0c628f51e9424b) Importer(815301076,1909f56bfc062723c751e8b465ee728b)  -> (artifact id: '44a3bdffbd80aedaf66b6b2d587533e3') in 0.009010 seconds 
  Import took 0.011847 seconds .

========================================================================
Received Import Request.
  Time since last request: 124.363048 seconds.
  path: Assets/Prefab/GameManager
  artifactKey: Guid(eb3c57e92873c204c9d67ef2374ca6f0) Importer(815301076,1909f56bfc062723c751e8b465ee728b)
Start importing Assets/Prefab/GameManager using Guid(eb3c57e92873c204c9d67ef2374ca6f0) Importer(815301076,1909f56bfc062723c751e8b465ee728b)  -> (artifact id: 'bb179c276381a7f3f89d772e1ad776e9') in 0.009010 seconds 
  Import took 0.011946 seconds .

========================================================================
Received Import Request.
  Time since last request: 0.057161 seconds.
  path: Assets/Prefab/GameManager/-----GameManager-----.prefab
  artifactKey: Guid(dd4a35b8c82d5e544886b658d1af9b12) Importer(815301076,1909f56bfc062723c751e8b465ee728b)
Start importing Assets/Prefab/GameManager/-----GameManager-----.prefab using Guid(dd4a35b8c82d5e544886b658d1af9b12) Importer(815301076,1909f56bfc062723c751e8b465ee728b)  -> (artifact id: '95ab9234dfab4d8e999fdf820d20e9ff') in 0.021626 seconds 
  Import took 0.024608 seconds .

========================================================================
Received Import Request.
  Time since last request: 11.348690 seconds.
  path: Assets/Prefab/Enemy/TestEnemy.prefab
  artifactKey: Guid(10fa05a3d561bf64d877dbf891c879f8) Importer(815301076,1909f56bfc062723c751e8b465ee728b)
Start importing Assets/Prefab/Enemy/TestEnemy.prefab using Guid(10fa05a3d561bf64d877dbf891c879f8) Importer(815301076,1909f56bfc062723c751e8b465ee728b)  -> (artifact id: '3ad25c45078273efb25c8e963326f940') in 0.016693 seconds 
  Import took 0.019806 seconds .

========================================================================
Received Import Request.
  Time since last request: 12.498487 seconds.
  path: Assets/Prefab/AudioManager
  artifactKey: Guid(64fa0d5bd2dd1684b921091378200bf1) Importer(815301076,1909f56bfc062723c751e8b465ee728b)
Start importing Assets/Prefab/AudioManager using Guid(64fa0d5bd2dd1684b921091378200bf1) Importer(815301076,1909f56bfc062723c751e8b465ee728b)  -> (artifact id: '0463e652401a996f376f4dd83d4d6022') in 0.009960 seconds 
  Import took 0.012829 seconds .

========================================================================
Received Import Request.
  Time since last request: 0.237990 seconds.
  path: Assets/Prefab/AudioManager/SFXManager.prefab
  artifactKey: Guid(ef4cad3127843ee46bea46284ac74a25) Importer(815301076,1909f56bfc062723c751e8b465ee728b)
Start importing Assets/Prefab/AudioManager/SFXManager.prefab using Guid(ef4cad3127843ee46bea46284ac74a25) Importer(815301076,1909f56bfc062723c751e8b465ee728b)  -> (artifact id: 'ddb7a5c1296f2755eebcd3a8abe75d66') in 0.010418 seconds 
  Import took 0.013384 seconds .

========================================================================
Received Import Request.
  Time since last request: 5.608934 seconds.
  path: Assets/Prefab/BackScreen
  artifactKey: Guid(3ee19e9334e90684eb9a2e185c593ec2) Importer(815301076,1909f56bfc062723c751e8b465ee728b)
Start importing Assets/Prefab/BackScreen using Guid(3ee19e9334e90684eb9a2e185c593ec2) Importer(815301076,1909f56bfc062723c751e8b465ee728b)  -> (artifact id: 'f72c478735ed6189209c07b7e7f0ca41') in 0.009102 seconds 
  Import took 0.012034 seconds .

========================================================================
Received Import Request.
  Time since last request: 0.284458 seconds.
  path: Assets/Prefab/BackScreen/BackScreen.prefab
  artifactKey: Guid(cba3c3a71dc15bd44822114e9d311f18) Importer(815301076,1909f56bfc062723c751e8b465ee728b)
Start importing Assets/Prefab/BackScreen/BackScreen.prefab using Guid(cba3c3a71dc15bd44822114e9d311f18) Importer(815301076,1909f56bfc062723c751e8b465ee728b)  -> (artifact id: '1a53093579d73f74698ba3e4e770c772') in 0.013695 seconds 
  Import took 0.016748 seconds .

========================================================================
Received Import Request.
  Time since last request: 0.000125 seconds.
  path: Assets/Prefab/BackScreen/SubScreen.prefab
  artifactKey: Guid(7743d745d2b1ab54aa481c7166ca0a6a) Importer(815301076,1909f56bfc062723c751e8b465ee728b)
Start importing Assets/Prefab/BackScreen/SubScreen.prefab using Guid(7743d745d2b1ab54aa481c7166ca0a6a) Importer(815301076,1909f56bfc062723c751e8b465ee728b)  -> (artifact id: '36484dd515c7ddfac9e4a1934c6affc3') in 0.013118 seconds 
  Import took 0.015766 seconds .

========================================================================
Received Import Request.
  Time since last request: 3.809870 seconds.
  path: Assets/Prefab/Camera/InGameMainCamera.prefab
  artifactKey: Guid(bdd79a1c5d7b12c40a4179716a8b5a93) Importer(815301076,1909f56bfc062723c751e8b465ee728b)
Start importing Assets/Prefab/Camera/InGameMainCamera.prefab using Guid(bdd79a1c5d7b12c40a4179716a8b5a93) Importer(815301076,1909f56bfc062723c751e8b465ee728b)  -> (artifact id: '7a3eaf053f7c0dd656ddfa622201be8b') in 0.010213 seconds 
  Import took 0.013405 seconds .

AssetImportWorkerClient::OnTransportError - code=2 error=End of file
